# JRE version: OpenJDK Runtime Environment (17.0.7) (build 17.0.7+0-b2043.56-10550314)
# Java VM: OpenJDK 64-Bit Server VM (17.0.7+0-b2043.56-10550314, mixed mode, tiered, compressed oops, compressed class ptrs, g1 gc, windows-amd64)
GC Precious Log:
 CPUs: 8 total, 8 available
 Memory: 6082M
 Large Page Support: Disabled
 NUMA Support: Disabled
 Compressed Oops: Enabled (32-bit)
 Heap Region Size: 1M
 Heap Min Capacity: 8M
 Heap Initial Capacity: 96M
 Heap Max Capacity: 2G
 Pre-touch: Disabled
 Parallel Workers: 8
 Concurrent Workers: 2
 Concurrent Refinement Workers: 8
 Periodic GC: Disabled
Heap:
 garbage-first heap   total 445440K, used 237607K [0x0000000080000000, 0x0000000100000000)
  region size 1024K, 6 young (6144K), 6 survivors (6144K)
 Metaspace       used 166596K, committed 167680K, reserved 1245184K
  class space    used 22497K, committed 23040K, reserved 1048576K
GC Heap History (20 events):
Event: 1117.718 GC heap after
{Heap after GC invocations=72 (full 0):
 garbage-first heap   total 403456K, used 224288K [0x0000000080000000, 0x0000000100000000)
  region size 1024K, 6 young (6144K), 6 survivors (6144K)
 Metaspace       used 145095K, committed 146048K, reserved 1179648K
  class space    used 19760K, committed 20224K, reserved 1048576K
}
Event: 1126.817 GC heap before
{Heap before GC invocations=72 (full 0):
 garbage-first heap   total 403456K, used 357408K [0x0000000080000000, 0x0000000100000000)
  region size 1024K, 120 young (122880K), 6 survivors (6144K)
 Metaspace       used 152870K, committed 153920K, reserved 1245184K
  class space    used 20898K, committed 21376K, reserved 1048576K
}
Event: 1126.938 GC heap after
{Heap after GC invocations=73 (full 0):
 garbage-first heap   total 403456K, used 252776K [0x0000000080000000, 0x0000000100000000)
  region size 1024K, 15 young (15360K), 15 survivors (15360K)
 Metaspace       used 152870K, committed 153920K, reserved 1245184K
  class space    used 20898K, committed 21376K, reserved 1048576K
}
Event: 1127.053 GC heap before
{Heap before GC invocations=73 (full 0):
 garbage-first heap   total 403456K, used 252776K [0x0000000080000000, 0x0000000100000000)
  region size 1024K, 16 young (16384K), 15 survivors (15360K)
 Metaspace       used 152993K, committed 154048K, reserved 1245184K
  class space    used 20913K, committed 21440K, reserved 1048576K
}
Event: 1127.103 GC heap after
{Heap after GC invocations=74 (full 0):
 garbage-first heap   total 403456K, used 253785K [0x0000000080000000, 0x0000000100000000)
  region size 1024K, 1 young (1024K), 1 survivors (1024K)
 Metaspace       used 152993K, committed 154048K, reserved 1245184K
  class space    used 20913K, committed 21440K, reserved 1048576K
}
Event: 1134.793 GC heap before
{Heap before GC invocations=75 (full 0):
 garbage-first heap   total 445440K, used 349017K [0x0000000080000000, 0x0000000100000000)
  region size 1024K, 90 young (92160K), 1 survivors (1024K)
 Metaspace       used 160752K, committed 161792K, reserved 1245184K
  class space    used 21831K, committed 22336K, reserved 1048576K
}
Event: 1134.817 GC heap after
{Heap after GC invocations=76 (full 0):
 garbage-first heap   total 445440K, used 264898K [0x0000000080000000, 0x0000000100000000)
  region size 1024K, 9 young (9216K), 9 survivors (9216K)
 Metaspace       used 160752K, committed 161792K, reserved 1245184K
  class space    used 21831K, committed 22336K, reserved 1048576K
}
Event: 1135.259 GC heap before
{Heap before GC invocations=76 (full 0):
 garbage-first heap   total 445440K, used 277186K [0x0000000080000000, 0x0000000100000000)
  region size 1024K, 21 young (21504K), 9 survivors (9216K)
 Metaspace       used 160784K, committed 161792K, reserved 1245184K
  class space    used 21832K, committed 22336K, reserved 1048576K
}
Event: 1135.348 GC heap after
{Heap after GC invocations=77 (full 0):
 garbage-first heap   total 445440K, used 225911K [0x0000000080000000, 0x0000000100000000)
  region size 1024K, 3 young (3072K), 3 survivors (3072K)
 Metaspace       used 160784K, committed 161792K, reserved 1245184K
  class space    used 21832K, committed 22336K, reserved 1048576K
}
Event: 1135.863 GC heap before
{Heap before GC invocations=77 (full 0):
 garbage-first heap   total 445440K, used 243319K [0x0000000080000000, 0x0000000100000000)
  region size 1024K, 21 young (21504K), 3 survivors (3072K)
 Metaspace       used 161042K, committed 162048K, reserved 1245184K
  class space    used 21868K, committed 22336K, reserved 1048576K
}
Event: 1135.976 GC heap after
{Heap after GC invocations=78 (full 0):
 garbage-first heap   total 445440K, used 214164K [0x0000000080000000, 0x0000000100000000)
  region size 1024K, 2 young (2048K), 2 survivors (2048K)
 Metaspace       used 161042K, committed 162048K, reserved 1245184K
  class space    used 21868K, committed 22336K, reserved 1048576K
}
Event: 1970.647 GC heap before
{Heap before GC invocations=78 (full 0):
 garbage-first heap   total 445440K, used 352404K [0x0000000080000000, 0x0000000100000000)
  region size 1024K, 137 young (140288K), 2 survivors (2048K)
 Metaspace       used 165606K, committed 166784K, reserved 1245184K
  class space    used 22452K, committed 23040K, reserved 1048576K
}
Event: 1970.821 GC heap after
{Heap after GC invocations=79 (full 0):
 garbage-first heap   total 445440K, used 222495K [0x0000000080000000, 0x0000000100000000)
  region size 1024K, 10 young (10240K), 10 survivors (10240K)
 Metaspace       used 165606K, committed 166784K, reserved 1245184K
  class space    used 22452K, committed 23040K, reserved 1048576K
}
Event: 2053.792 GC heap before
{Heap before GC invocations=80 (full 0):
 garbage-first heap   total 445440K, used 383263K [0x0000000080000000, 0x0000000100000000)
  region size 1024K, 142 young (145408K), 10 survivors (10240K)
 Metaspace       used 165578K, committed 166784K, reserved 1245184K
  class space    used 22388K, committed 23040K, reserved 1048576K
}
Event: 2054.054 GC heap after
{Heap after GC invocations=81 (full 0):
 garbage-first heap   total 445440K, used 230069K [0x0000000080000000, 0x0000000100000000)
  region size 1024K, 18 young (18432K), 18 survivors (18432K)
 Metaspace       used 165578K, committed 166784K, reserved 1245184K
  class space    used 22388K, committed 23040K, reserved 1048576K
}
Event: 2054.299 GC heap before
{Heap before GC invocations=81 (full 0):
 garbage-first heap   total 445440K, used 232116K [0x0000000080000000, 0x0000000100000000)
  region size 1024K, 21 young (21504K), 18 survivors (18432K)
 Metaspace       used 165590K, committed 166784K, reserved 1245184K
  class space    used 22388K, committed 23040K, reserved 1048576K
}
Event: 2054.679 GC heap after
{Heap after GC invocations=82 (full 0):
 garbage-first heap   total 445440K, used 212214K [0x0000000080000000, 0x0000000100000000)
  region size 1024K, 3 young (3072K), 3 survivors (3072K)
 Metaspace       used 165590K, committed 166784K, reserved 1245184K
  class space    used 22388K, committed 23040K, reserved 1048576K
}
Event: 2059.549 GC heap before
{Heap before GC invocations=82 (full 0):
 garbage-first heap   total 445440K, used 353526K [0x0000000080000000, 0x0000000100000000)
  region size 1024K, 142 young (145408K), 3 survivors (3072K)
 Metaspace       used 166498K, committed 167616K, reserved 1245184K
  class space    used 22482K, committed 23040K, reserved 1048576K
}
Event: 2059.765 GC heap after
{Heap after GC invocations=83 (full 0):
 garbage-first heap   total 445440K, used 231936K [0x0000000080000000, 0x0000000100000000)
  region size 1024K, 18 young (18432K), 18 survivors (18432K)
 Metaspace       used 166498K, committed 167616K, reserved 1245184K
  class space    used 22482K, committed 23040K, reserved 1048576K
}
Event: 2061.195 GC heap before
{Heap before GC invocations=83 (full 0):
 garbage-first heap   total 445440K, used 272896K [0x0000000080000000, 0x0000000100000000)
  region size 1024K, 58 young (59392K), 18 survivors (18432K)
 Metaspace       used 166596K, committed 167680K, reserved 1245184K
  class space    used 22497K, committed 23040K, reserved 1048576K
}

