# JRE version: OpenJDK Runtime Environment (17.0.7) (build 17.0.7+0-b2043.56-10550314)
# Java VM: OpenJDK 64-Bit Server VM (17.0.7+0-b2043.56-10550314, mixed mode, tiered, compressed oops, compressed class ptrs, g1 gc, windows-amd64)
GC Precious Log:
 CPUs: 8 total, 8 available
 Memory: 6082M
 Large Page Support: Disabled
 NUMA Support: Disabled
 Compressed Oops: Enabled (32-bit)
 Heap Region Size: 1M
 Heap Min Capacity: 8M
 Heap Initial Capacity: 96M
 Heap Max Capacity: 2G
 Pre-touch: Disabled
 Parallel Workers: 8
 Concurrent Workers: 2
 Concurrent Refinement Workers: 8
 Periodic GC: Disabled
Heap:
 garbage-first heap   total 137216K, used 93567K [0x0000000080000000, 0x0000000100000000)
  region size 1024K, 2 young (2048K), 2 survivors (2048K)
 Metaspace       used 87806K, committed 88448K, reserved 1179648K
  class space    used 12076K, committed 12416K, reserved 1048576K
GC Heap History (20 events):
Event: 35.239 GC heap after
{Heap after GC invocations=43 (full 0):
 garbage-first heap   total 133120K, used 73265K [0x0000000080000000, 0x0000000100000000)
  region size 1024K, 5 young (5120K), 5 survivors (5120K)
 Metaspace       used 84107K, committed 84736K, reserved 1179648K
  class space    used 11532K, committed 11840K, reserved 1048576K
}
Event: 35.265 GC heap before
{Heap before GC invocations=43 (full 0):
 garbage-first heap   total 133120K, used 74289K [0x0000000080000000, 0x0000000100000000)
  region size 1024K, 6 young (6144K), 5 survivors (5120K)
 Metaspace       used 84190K, committed 84800K, reserved 1179648K
  class space    used 11543K, committed 11840K, reserved 1048576K
}
Event: 35.276 GC heap after
{Heap after GC invocations=44 (full 0):
 garbage-first heap   total 133120K, used 73060K [0x0000000080000000, 0x0000000100000000)
  region size 1024K, 1 young (1024K), 1 survivors (1024K)
 Metaspace       used 84190K, committed 84800K, reserved 1179648K
  class space    used 11543K, committed 11840K, reserved 1048576K
}
Event: 35.833 GC heap before
{Heap before GC invocations=44 (full 0):
 garbage-first heap   total 133120K, used 109924K [0x0000000080000000, 0x0000000100000000)
  region size 1024K, 37 young (37888K), 1 survivors (1024K)
 Metaspace       used 84686K, committed 85312K, reserved 1179648K
  class space    used 11610K, committed 11904K, reserved 1048576K
}
Event: 35.843 GC heap after
{Heap after GC invocations=45 (full 0):
 garbage-first heap   total 133120K, used 78400K [0x0000000080000000, 0x0000000100000000)
  region size 1024K, 5 young (5120K), 5 survivors (5120K)
 Metaspace       used 84686K, committed 85312K, reserved 1179648K
  class space    used 11610K, committed 11904K, reserved 1048576K
}
Event: 37.258 GC heap before
{Heap before GC invocations=46 (full 0):
 garbage-first heap   total 137216K, used 108096K [0x0000000080000000, 0x0000000100000000)
  region size 1024K, 34 young (34816K), 5 survivors (5120K)
 Metaspace       used 86441K, committed 87104K, reserved 1179648K
  class space    used 11960K, committed 12288K, reserved 1048576K
}
Event: 37.276 GC heap after
{Heap after GC invocations=47 (full 0):
 garbage-first heap   total 137216K, used 82831K [0x0000000080000000, 0x0000000100000000)
  region size 1024K, 5 young (5120K), 5 survivors (5120K)
 Metaspace       used 86441K, committed 87104K, reserved 1179648K
  class space    used 11960K, committed 12288K, reserved 1048576K
}
Event: 37.367 GC heap before
{Heap before GC invocations=47 (full 0):
 garbage-first heap   total 137216K, used 83855K [0x0000000080000000, 0x0000000100000000)
  region size 1024K, 6 young (6144K), 5 survivors (5120K)
 Metaspace       used 86448K, committed 87104K, reserved 1179648K
  class space    used 11960K, committed 12288K, reserved 1048576K
}
Event: 37.376 GC heap after
{Heap after GC invocations=48 (full 0):
 garbage-first heap   total 137216K, used 82779K [0x0000000080000000, 0x0000000100000000)
  region size 1024K, 1 young (1024K), 1 survivors (1024K)
 Metaspace       used 86448K, committed 87104K, reserved 1179648K
  class space    used 11960K, committed 12288K, reserved 1048576K
}
Event: 38.921 GC heap before
{Heap before GC invocations=48 (full 0):
 garbage-first heap   total 137216K, used 110427K [0x0000000080000000, 0x0000000100000000)
  region size 1024K, 29 young (29696K), 1 survivors (1024K)
 Metaspace       used 87350K, committed 88000K, reserved 1179648K
  class space    used 12061K, committed 12352K, reserved 1048576K
}
Event: 38.928 GC heap after
{Heap after GC invocations=49 (full 0):
 garbage-first heap   total 137216K, used 88341K [0x0000000080000000, 0x0000000100000000)
  region size 1024K, 4 young (4096K), 4 survivors (4096K)
 Metaspace       used 87350K, committed 88000K, reserved 1179648K
  class space    used 12061K, committed 12352K, reserved 1048576K
}
Event: 39.782 GC heap before
{Heap before GC invocations=49 (full 0):
 garbage-first heap   total 137216K, used 111893K [0x0000000080000000, 0x0000000100000000)
  region size 1024K, 27 young (27648K), 4 survivors (4096K)
 Metaspace       used 87465K, committed 88128K, reserved 1179648K
  class space    used 12062K, committed 12416K, reserved 1048576K
}
Event: 39.788 GC heap after
{Heap after GC invocations=50 (full 0):
 garbage-first heap   total 137216K, used 90776K [0x0000000080000000, 0x0000000100000000)
  region size 1024K, 4 young (4096K), 4 survivors (4096K)
 Metaspace       used 87465K, committed 88128K, reserved 1179648K
  class space    used 12062K, committed 12416K, reserved 1048576K
}
Event: 40.812 GC heap before
{Heap before GC invocations=50 (full 0):
 garbage-first heap   total 137216K, used 111256K [0x0000000080000000, 0x0000000100000000)
  region size 1024K, 25 young (25600K), 4 survivors (4096K)
 Metaspace       used 87590K, committed 88320K, reserved 1179648K
  class space    used 12064K, committed 12416K, reserved 1048576K
}
Event: 40.817 GC heap after
{Heap after GC invocations=51 (full 0):
 garbage-first heap   total 137216K, used 92252K [0x0000000080000000, 0x0000000100000000)
  region size 1024K, 3 young (3072K), 3 survivors (3072K)
 Metaspace       used 87590K, committed 88320K, reserved 1179648K
  class space    used 12064K, committed 12416K, reserved 1048576K
}
Event: 61918.101 GC heap before
{Heap before GC invocations=51 (full 0):
 garbage-first heap   total 137216K, used 113756K [0x0000000080000000, 0x0000000100000000)
  region size 1024K, 24 young (24576K), 3 survivors (3072K)
 Metaspace       used 87803K, committed 88448K, reserved 1179648K
  class space    used 12076K, committed 12416K, reserved 1048576K
}
Event: 61918.105 GC heap after
{Heap after GC invocations=52 (full 0):
 garbage-first heap   total 137216K, used 93553K [0x0000000080000000, 0x0000000100000000)
  region size 1024K, 2 young (2048K), 2 survivors (2048K)
 Metaspace       used 87803K, committed 88448K, reserved 1179648K
  class space    used 12076K, committed 12416K, reserved 1048576K
}
Event: 61918.163 GC heap before
{Heap before GC invocations=52 (full 0):
 garbage-first heap   total 137216K, used 114033K [0x0000000080000000, 0x0000000100000000)
  region size 1024K, 22 young (22528K), 2 survivors (2048K)
 Metaspace       used 87806K, committed 88448K, reserved 1179648K
  class space    used 12076K, committed 12416K, reserved 1048576K
}
Event: 61918.165 GC heap after
{Heap after GC invocations=53 (full 0):
 garbage-first heap   total 137216K, used 93640K [0x0000000080000000, 0x0000000100000000)
  region size 1024K, 2 young (2048K), 2 survivors (2048K)
 Metaspace       used 87806K, committed 88448K, reserved 1179648K
  class space    used 12076K, committed 12416K, reserved 1048576K
}
Event: 61918.226 GC heap before
{Heap before GC invocations=53 (full 0):
 garbage-first heap   total 137216K, used 116168K [0x0000000080000000, 0x0000000100000000)
  region size 1024K, 24 young (24576K), 2 survivors (2048K)
 Metaspace       used 87806K, committed 88448K, reserved 1179648K
  class space    used 12076K, committed 12416K, reserved 1048576K
}

