# JRE version: OpenJDK Runtime Environment (17.0.7) (build 17.0.7+0-b2043.56-10550314)
# Java VM: OpenJDK 64-Bit Server VM (17.0.7+0-b2043.56-10550314, mixed mode, tiered, compressed oops, compressed class ptrs, g1 gc, windows-amd64)
GC Precious Log:
 CPUs: 8 total, 8 available
 Memory: 6082M
 Large Page Support: Disabled
 NUMA Support: Disabled
 Compressed Oops: Enabled (32-bit)
 Heap Region Size: 1M
 Heap Min Capacity: 8M
 Heap Initial Capacity: 96M
 Heap Max Capacity: 2G
 Pre-touch: Disabled
 Parallel Workers: 8
 Concurrent Workers: 2
 Concurrent Refinement Workers: 8
 Periodic GC: Disabled
Heap:
 garbage-first heap   total 68608K, used 25287K [0x0000000080000000, 0x0000000100000000)
  region size 1024K, 6 young (6144K), 3 survivors (3072K)
 Metaspace       used 34128K, committed 34432K, reserved 1114112K
  class space    used 4674K, committed 4800K, reserved 1048576K
GC Heap History (12 events):
Event: 3.214 GC heap before
{Heap before GC invocations=0 (full 0):
 garbage-first heap   total 98304K, used 26624K [0x0000000080000000, 0x0000000100000000)
  region size 1024K, 23 young (23552K), 0 survivors (0K)
 Metaspace       used 10499K, committed 10624K, reserved 1114112K
  class space    used 1091K, committed 1152K, reserved 1048576K
}
Event: 3.228 GC heap after
{Heap after GC invocations=1 (full 0):
 garbage-first heap   total 98304K, used 10656K [0x0000000080000000, 0x0000000100000000)
  region size 1024K, 3 young (3072K), 3 survivors (3072K)
 Metaspace       used 10499K, committed 10624K, reserved 1114112K
  class space    used 1091K, committed 1152K, reserved 1048576K
}
Event: 5.424 GC heap before
{Heap before GC invocations=1 (full 0):
 garbage-first heap   total 98304K, used 38304K [0x0000000080000000, 0x0000000100000000)
  region size 1024K, 30 young (30720K), 3 survivors (3072K)
 Metaspace       used 11460K, committed 11648K, reserved 1114112K
  class space    used 1196K, committed 1280K, reserved 1048576K
}
Event: 5.439 GC heap after
{Heap after GC invocations=2 (full 0):
 garbage-first heap   total 98304K, used 12732K [0x0000000080000000, 0x0000000100000000)
  region size 1024K, 2 young (2048K), 2 survivors (2048K)
 Metaspace       used 11460K, committed 11648K, reserved 1114112K
  class space    used 1196K, committed 1280K, reserved 1048576K
}
Event: 13.165 GC heap before
{Heap before GC invocations=2 (full 0):
 garbage-first heap   total 98304K, used 57788K [0x0000000080000000, 0x0000000100000000)
  region size 1024K, 47 young (48128K), 2 survivors (2048K)
 Metaspace       used 21366K, committed 21504K, reserved 1114112K
  class space    used 2574K, committed 2624K, reserved 1048576K
}
Event: 13.186 GC heap after
{Heap after GC invocations=3 (full 0):
 garbage-first heap   total 98304K, used 18699K [0x0000000080000000, 0x0000000100000000)
  region size 1024K, 7 young (7168K), 7 survivors (7168K)
 Metaspace       used 21366K, committed 21504K, reserved 1114112K
  class space    used 2574K, committed 2624K, reserved 1048576K
}
Event: 15.285 GC heap before
{Heap before GC invocations=4 (full 0):
 garbage-first heap   total 68608K, used 51467K [0x0000000080000000, 0x0000000100000000)
  region size 1024K, 40 young (40960K), 7 survivors (7168K)
 Metaspace       used 26211K, committed 26432K, reserved 1114112K
  class space    used 3416K, committed 3520K, reserved 1048576K
}
Event: 15.299 GC heap after
{Heap after GC invocations=5 (full 0):
 garbage-first heap   total 68608K, used 20994K [0x0000000080000000, 0x0000000100000000)
  region size 1024K, 3 young (3072K), 3 survivors (3072K)
 Metaspace       used 26211K, committed 26432K, reserved 1114112K
  class space    used 3416K, committed 3520K, reserved 1048576K
}
Event: 16.857 GC heap before
{Heap before GC invocations=5 (full 0):
 garbage-first heap   total 68608K, used 47618K [0x0000000080000000, 0x0000000100000000)
  region size 1024K, 29 young (29696K), 3 survivors (3072K)
 Metaspace       used 29857K, committed 30208K, reserved 1114112K
  class space    used 4009K, committed 4160K, reserved 1048576K
}
Event: 16.863 GC heap after
{Heap after GC invocations=6 (full 0):
 garbage-first heap   total 68608K, used 22082K [0x0000000080000000, 0x0000000100000000)
  region size 1024K, 4 young (4096K), 4 survivors (4096K)
 Metaspace       used 29857K, committed 30208K, reserved 1114112K
  class space    used 4009K, committed 4160K, reserved 1048576K
}
Event: 18.289 GC heap before
{Heap before GC invocations=6 (full 0):
 garbage-first heap   total 68608K, used 48706K [0x0000000080000000, 0x0000000100000000)
  region size 1024K, 31 young (31744K), 4 survivors (4096K)
 Metaspace       used 33532K, committed 33856K, reserved 1114112K
  class space    used 4599K, committed 4736K, reserved 1048576K
}
Event: 18.295 GC heap after
{Heap after GC invocations=7 (full 0):
 garbage-first heap   total 68608K, used 23239K [0x0000000080000000, 0x0000000100000000)
  region size 1024K, 3 young (3072K), 3 survivors (3072K)
 Metaspace       used 33532K, committed 33856K, reserved 1114112K
  class space    used 4599K, committed 4736K, reserved 1048576K
}

