# JRE version: OpenJDK Runtime Environment (17.0.7) (build 17.0.7+0-b2043.56-10550314)
# Java VM: OpenJDK 64-Bit Server VM (17.0.7+0-b2043.56-10550314, mixed mode, tiered, compressed oops, compressed class ptrs, g1 gc, windows-amd64)
GC Precious Log:
 CPUs: 8 total, 8 available
 Memory: 6082M
 Large Page Support: Disabled
 NUMA Support: Disabled
 Compressed Oops: Enabled (32-bit)
 Heap Region Size: 1M
 Heap Min Capacity: 8M
 Heap Initial Capacity: 96M
 Heap Max Capacity: 2G
 Pre-touch: Disabled
 Parallel Workers: 8
 Concurrent Workers: 2
 Concurrent Refinement Workers: 8
 Periodic GC: Disabled
Heap:
 garbage-first heap   total 274432K, used 125256K [0x0000000080000000, 0x0000000100000000)
  region size 1024K, 1 young (1024K), 1 survivors (1024K)
 Metaspace       used 101412K, committed 102272K, reserved 1179648K
  class space    used 13676K, committed 14080K, reserved 1048576K
GC Heap History (20 events):
Event: 36.984 GC heap after
{Heap after GC invocations=53 (full 0):
 garbage-first heap   total 138240K, used 74462K [0x0000000080000000, 0x0000000100000000)
  region size 1024K, 5 young (5120K), 5 survivors (5120K)
 Metaspace       used 88992K, committed 89600K, reserved 1179648K
  class space    used 12143K, committed 12416K, reserved 1048576K
}
Event: 38.025 GC heap before
{Heap before GC invocations=53 (full 0):
 garbage-first heap   total 138240K, used 113374K [0x0000000080000000, 0x0000000100000000)
  region size 1024K, 43 young (44032K), 5 survivors (5120K)
 Metaspace       used 90068K, committed 90752K, reserved 1179648K
  class space    used 12299K, committed 12608K, reserved 1048576K
}
Event: 38.038 GC heap after
{Heap after GC invocations=54 (full 0):
 garbage-first heap   total 138240K, used 79404K [0x0000000080000000, 0x0000000100000000)
  region size 1024K, 6 young (6144K), 6 survivors (6144K)
 Metaspace       used 90068K, committed 90752K, reserved 1179648K
  class space    used 12299K, committed 12608K, reserved 1048576K
}
Event: 39.342 GC heap before
{Heap before GC invocations=54 (full 0):
 garbage-first heap   total 138240K, used 113196K [0x0000000080000000, 0x0000000100000000)
  region size 1024K, 39 young (39936K), 6 survivors (6144K)
 Metaspace       used 91584K, committed 92224K, reserved 1179648K
  class space    used 12625K, committed 12928K, reserved 1048576K
}
Event: 39.407 GC heap after
{Heap after GC invocations=55 (full 0):
 garbage-first heap   total 274432K, used 84801K [0x0000000080000000, 0x0000000100000000)
  region size 1024K, 5 young (5120K), 5 survivors (5120K)
 Metaspace       used 91584K, committed 92224K, reserved 1179648K
  class space    used 12625K, committed 12928K, reserved 1048576K
}
Event: 46.093 GC heap before
{Heap before GC invocations=55 (full 0):
 garbage-first heap   total 274432K, used 218945K [0x0000000080000000, 0x0000000100000000)
  region size 1024K, 136 young (139264K), 5 survivors (5120K)
 Metaspace       used 93665K, committed 94336K, reserved 1179648K
  class space    used 12838K, committed 13184K, reserved 1048576K
}
Event: 46.197 GC heap after
{Heap after GC invocations=56 (full 0):
 garbage-first heap   total 274432K, used 96183K [0x0000000080000000, 0x0000000100000000)
  region size 1024K, 17 young (17408K), 17 survivors (17408K)
 Metaspace       used 93665K, committed 94336K, reserved 1179648K
  class space    used 12838K, committed 13184K, reserved 1048576K
}
Event: 49.706 GC heap before
{Heap before GC invocations=56 (full 0):
 garbage-first heap   total 274432K, used 208823K [0x0000000080000000, 0x0000000100000000)
  region size 1024K, 128 young (131072K), 17 survivors (17408K)
 Metaspace       used 94098K, committed 94848K, reserved 1179648K
  class space    used 12885K, committed 13248K, reserved 1048576K
}
Event: 49.782 GC heap after
{Heap after GC invocations=57 (full 0):
 garbage-first heap   total 274432K, used 103319K [0x0000000080000000, 0x0000000100000000)
  region size 1024K, 10 young (10240K), 10 survivors (10240K)
 Metaspace       used 94098K, committed 94848K, reserved 1179648K
  class space    used 12885K, committed 13248K, reserved 1048576K
}
Event: 1978.062 GC heap before
{Heap before GC invocations=57 (full 0):
 garbage-first heap   total 274432K, used 213911K [0x0000000080000000, 0x0000000100000000)
  region size 1024K, 119 young (121856K), 10 survivors (10240K)
 Metaspace       used 95218K, committed 95936K, reserved 1179648K
  class space    used 13019K, committed 13376K, reserved 1048576K
}
Event: 1978.262 GC heap after
{Heap after GC invocations=58 (full 0):
 garbage-first heap   total 274432K, used 107468K [0x0000000080000000, 0x0000000100000000)
  region size 1024K, 6 young (6144K), 6 survivors (6144K)
 Metaspace       used 95218K, committed 95936K, reserved 1179648K
  class space    used 13019K, committed 13376K, reserved 1048576K
}
Event: 2332.880 GC heap before
{Heap before GC invocations=58 (full 0):
 garbage-first heap   total 274432K, used 219084K [0x0000000080000000, 0x0000000100000000)
  region size 1024K, 116 young (118784K), 6 survivors (6144K)
 Metaspace       used 96139K, committed 96896K, reserved 1179648K
  class space    used 13051K, committed 13440K, reserved 1048576K
}
Event: 2333.139 GC heap after
{Heap after GC invocations=59 (full 0):
 garbage-first heap   total 274432K, used 107684K [0x0000000080000000, 0x0000000100000000)
  region size 1024K, 7 young (7168K), 7 survivors (7168K)
 Metaspace       used 96139K, committed 96896K, reserved 1179648K
  class space    used 13051K, committed 13440K, reserved 1048576K
}
Event: 2865.162 GC heap before
{Heap before GC invocations=59 (full 0):
 garbage-first heap   total 274432K, used 211108K [0x0000000080000000, 0x0000000100000000)
  region size 1024K, 109 young (111616K), 7 survivors (7168K)
 Metaspace       used 96757K, committed 97600K, reserved 1179648K
  class space    used 13086K, committed 13504K, reserved 1048576K
}
Event: 2865.318 GC heap after
{Heap after GC invocations=60 (full 0):
 garbage-first heap   total 274432K, used 109568K [0x0000000080000000, 0x0000000100000000)
  region size 1024K, 8 young (8192K), 8 survivors (8192K)
 Metaspace       used 96757K, committed 97600K, reserved 1179648K
  class space    used 13086K, committed 13504K, reserved 1048576K
}
Event: 2874.302 GC heap before
{Heap before GC invocations=60 (full 0):
 garbage-first heap   total 274432K, used 222208K [0x0000000080000000, 0x0000000100000000)
  region size 1024K, 114 young (116736K), 8 survivors (8192K)
 Metaspace       used 99666K, committed 100480K, reserved 1179648K
  class space    used 13404K, committed 13760K, reserved 1048576K
}
Event: 2874.635 GC heap after
{Heap after GC invocations=61 (full 0):
 garbage-first heap   total 274432K, used 123920K [0x0000000080000000, 0x0000000100000000)
  region size 1024K, 15 young (15360K), 15 survivors (15360K)
 Metaspace       used 99666K, committed 100480K, reserved 1179648K
  class space    used 13404K, committed 13760K, reserved 1048576K
}
Event: 2874.776 GC heap before
{Heap before GC invocations=61 (full 0):
 garbage-first heap   total 274432K, used 123920K [0x0000000080000000, 0x0000000100000000)
  region size 1024K, 16 young (16384K), 15 survivors (15360K)
 Metaspace       used 99891K, committed 100736K, reserved 1179648K
  class space    used 13442K, committed 13824K, reserved 1048576K
}
Event: 2874.833 GC heap after
{Heap after GC invocations=62 (full 0):
 garbage-first heap   total 274432K, used 126083K [0x0000000080000000, 0x0000000100000000)
  region size 1024K, 2 young (2048K), 2 survivors (2048K)
 Metaspace       used 99891K, committed 100736K, reserved 1179648K
  class space    used 13442K, committed 13824K, reserved 1048576K
}
Event: 2877.484 GC heap before
{Heap before GC invocations=62 (full 0):
 garbage-first heap   total 274432K, used 136323K [0x0000000080000000, 0x0000000100000000)
  region size 1024K, 13 young (13312K), 2 survivors (2048K)
 Metaspace       used 101412K, committed 102272K, reserved 1179648K
  class space    used 13676K, committed 14080K, reserved 1048576K
}

