# JRE version: OpenJDK Runtime Environment (17.0.7) (build 17.0.7+0-b2043.56-10550314)
# Java VM: OpenJDK 64-Bit Server VM (17.0.7+0-b2043.56-10550314, mixed mode, tiered, compressed oops, compressed class ptrs, g1 gc, windows-amd64)
GC Precious Log:
 CPUs: 8 total, 8 available
 Memory: 6082M
 Large Page Support: Disabled
 NUMA Support: Disabled
 Compressed Oops: Enabled (32-bit)
 Heap Region Size: 1M
 Heap Min Capacity: 8M
 Heap Initial Capacity: 96M
 Heap Max Capacity: 2G
 Pre-touch: Disabled
 Parallel Workers: 8
 Concurrent Workers: 2
 Concurrent Refinement Workers: 8
 Periodic GC: Disabled
Heap:
 garbage-first heap   total 401408K, used 315258K [0x0000000080000000, 0x0000000100000000)
  region size 1024K, 55 young (56320K), 4 survivors (4096K)
 Metaspace       used 143905K, committed 144960K, reserved 1179648K
  class space    used 19546K, committed 20032K, reserved 1048576K
GC Heap History (20 events):
Event: 844.608 GC heap before
{Heap before GC invocations=91 (full 0):
 garbage-first heap   total 401408K, used 337119K [0x0000000080000000, 0x0000000100000000)
  region size 1024K, 120 young (122880K), 20 survivors (20480K)
 Metaspace       used 141748K, committed 142656K, reserved 1179648K
  class space    used 19418K, committed 19840K, reserved 1048576K
}
Event: 844.781 GC heap after
{Heap after GC invocations=92 (full 0):
 garbage-first heap   total 401408K, used 217071K [0x0000000080000000, 0x0000000100000000)
  region size 1024K, 13 young (13312K), 13 survivors (13312K)
 Metaspace       used 141748K, committed 142656K, reserved 1179648K
  class space    used 19418K, committed 19840K, reserved 1048576K
}
Event: 979.626 GC heap before
{Heap before GC invocations=92 (full 0):
 garbage-first heap   total 401408K, used 353263K [0x0000000080000000, 0x0000000100000000)
  region size 1024K, 110 young (112640K), 13 survivors (13312K)
 Metaspace       used 142042K, committed 142976K, reserved 1179648K
  class space    used 19433K, committed 19904K, reserved 1048576K
}
Event: 979.888 GC heap after
{Heap after GC invocations=93 (full 0):
 garbage-first heap   total 401408K, used 216887K [0x0000000080000000, 0x0000000100000000)
  region size 1024K, 14 young (14336K), 14 survivors (14336K)
 Metaspace       used 142042K, committed 142976K, reserved 1179648K
  class space    used 19433K, committed 19904K, reserved 1048576K
}
Event: 987.020 GC heap before
{Heap before GC invocations=93 (full 0):
 garbage-first heap   total 401408K, used 336695K [0x0000000080000000, 0x0000000100000000)
  region size 1024K, 104 young (106496K), 14 survivors (14336K)
 Metaspace       used 142378K, committed 143360K, reserved 1179648K
  class space    used 19452K, committed 19904K, reserved 1048576K
}
Event: 987.064 GC heap after
{Heap after GC invocations=94 (full 0):
 garbage-first heap   total 401408K, used 229636K [0x0000000080000000, 0x0000000100000000)
  region size 1024K, 13 young (13312K), 13 survivors (13312K)
 Metaspace       used 142378K, committed 143360K, reserved 1179648K
  class space    used 19452K, committed 19904K, reserved 1048576K
}
Event: 991.160 GC heap before
{Heap before GC invocations=94 (full 0):
 garbage-first heap   total 401408K, used 314628K [0x0000000080000000, 0x0000000100000000)
  region size 1024K, 95 young (97280K), 13 survivors (13312K)
 Metaspace       used 142530K, committed 143488K, reserved 1179648K
  class space    used 19462K, committed 19904K, reserved 1048576K
}
Event: 991.179 GC heap after
{Heap after GC invocations=95 (full 0):
 garbage-first heap   total 401408K, used 231866K [0x0000000080000000, 0x0000000100000000)
  region size 1024K, 4 young (4096K), 4 survivors (4096K)
 Metaspace       used 142530K, committed 143488K, reserved 1179648K
  class space    used 19462K, committed 19904K, reserved 1048576K
}
Event: 992.132 GC heap before
{Heap before GC invocations=95 (full 0):
 garbage-first heap   total 401408K, used 313786K [0x0000000080000000, 0x0000000100000000)
  region size 1024K, 40 young (40960K), 4 survivors (4096K)
 Metaspace       used 142832K, committed 143808K, reserved 1179648K
  class space    used 19469K, committed 19904K, reserved 1048576K
}
Event: 992.156 GC heap after
{Heap after GC invocations=96 (full 0):
 garbage-first heap   total 401408K, used 255034K [0x0000000080000000, 0x0000000100000000)
  region size 1024K, 2 young (2048K), 2 survivors (2048K)
 Metaspace       used 142832K, committed 143808K, reserved 1179648K
  class space    used 19469K, committed 19904K, reserved 1048576K
}
Event: 1223.333 GC heap before
{Heap before GC invocations=96 (full 0):
 garbage-first heap   total 401408K, used 348218K [0x0000000080000000, 0x0000000100000000)
  region size 1024K, 77 young (78848K), 2 survivors (2048K)
 Metaspace       used 143003K, committed 144064K, reserved 1179648K
  class space    used 19469K, committed 19968K, reserved 1048576K
}
Event: 1223.422 GC heap after
{Heap after GC invocations=97 (full 0):
 garbage-first heap   total 401408K, used 243472K [0x0000000080000000, 0x0000000100000000)
  region size 1024K, 10 young (10240K), 10 survivors (10240K)
 Metaspace       used 143003K, committed 144064K, reserved 1179648K
  class space    used 19469K, committed 19968K, reserved 1048576K
}
Event: 1225.436 GC heap before
{Heap before GC invocations=97 (full 0):
 garbage-first heap   total 401408K, used 350992K [0x0000000080000000, 0x0000000100000000)
  region size 1024K, 88 young (90112K), 10 survivors (10240K)
 Metaspace       used 143127K, committed 144128K, reserved 1179648K
  class space    used 19469K, committed 19968K, reserved 1048576K
}
Event: 1225.517 GC heap after
{Heap after GC invocations=98 (full 0):
 garbage-first heap   total 401408K, used 254532K [0x0000000080000000, 0x0000000100000000)
  region size 1024K, 11 young (11264K), 11 survivors (11264K)
 Metaspace       used 143127K, committed 144128K, reserved 1179648K
  class space    used 19469K, committed 19968K, reserved 1048576K
}
Event: 1230.741 GC heap before
{Heap before GC invocations=98 (full 0):
 garbage-first heap   total 401408K, used 342596K [0x0000000080000000, 0x0000000100000000)
  region size 1024K, 61 young (62464K), 11 survivors (11264K)
 Metaspace       used 143162K, committed 144192K, reserved 1179648K
  class space    used 19470K, committed 19968K, reserved 1048576K
}
Event: 1230.853 GC heap after
{Heap after GC invocations=99 (full 0):
 garbage-first heap   total 401408K, used 283980K [0x0000000080000000, 0x0000000100000000)
  region size 1024K, 3 young (3072K), 3 survivors (3072K)
 Metaspace       used 143162K, committed 144192K, reserved 1179648K
  class space    used 19470K, committed 19968K, reserved 1048576K
}
Event: 1415.537 GC heap before
{Heap before GC invocations=99 (full 0):
 garbage-first heap   total 401408K, used 356684K [0x0000000080000000, 0x0000000100000000)
  region size 1024K, 53 young (54272K), 3 survivors (3072K)
 Metaspace       used 143417K, committed 144448K, reserved 1179648K
  class space    used 19482K, committed 19968K, reserved 1048576K
}
Event: 1415.615 GC heap after
{Heap after GC invocations=100 (full 0):
 garbage-first heap   total 401408K, used 262130K [0x0000000080000000, 0x0000000100000000)
  region size 1024K, 7 young (7168K), 7 survivors (7168K)
 Metaspace       used 143417K, committed 144448K, reserved 1179648K
  class space    used 19482K, committed 19968K, reserved 1048576K
}
Event: 1417.821 GC heap before
{Heap before GC invocations=100 (full 0):
 garbage-first heap   total 401408K, used 364530K [0x0000000080000000, 0x0000000100000000)
  region size 1024K, 77 young (78848K), 7 survivors (7168K)
 Metaspace       used 143576K, committed 144576K, reserved 1179648K
  class space    used 19501K, committed 19968K, reserved 1048576K
}
Event: 1417.849 GC heap after
{Heap after GC invocations=101 (full 0):
 garbage-first heap   total 401408K, used 265082K [0x0000000080000000, 0x0000000100000000)
  region size 1024K, 4 young (4096K), 4 survivors (4096K)
 Metaspace       used 143576K, committed 144576K, reserved 1179648K
  class space    used 19501K, committed 19968K, reserved 1048576K
}

